2022-08-18T08:18:52+00:00 CRITICAL Uncaught Error: Call to undefined function twentyseventeen_get_svg() in G:\Pxamp\agaressencellc\wp-content\themes\agaressence\search.php:45
Stack trace:
#0 G:\Pxamp\agaressencellc\wp-includes\template-loader.php(106): include()
#1 G:\Pxamp\agaressencellc\wp-blog-header.php(19): require_once('G:\\Pxamp\\agares...')
#2 G:\Pxamp\agaressencellc\index.php(17): require('G:\\Pxamp\\agares...')
#3 {main}
  thrown in G:\Pxamp\agaressencellc\wp-content\themes\agaressence\search.php on line 45

2022-08-18T08:22:18+00:00 CRITICAL Uncaught Error: Call to undefined function twentyseventeen_get_svg() in G:\Pxamp\agaressencellc\wp-content\themes\agaressence\search.php:45
Stack trace:
#0 G:\Pxamp\agaressencellc\wp-includes\template-loader.php(106): include()
#1 G:\Pxamp\agaressencellc\wp-blog-header.php(19): require_once('G:\\Pxamp\\agares...')
#2 G:\Pxamp\agaressencellc\index.php(17): require('G:\\Pxamp\\agares...')
#3 {main}
  thrown in G:\Pxamp\agaressencellc\wp-content\themes\agaressence\search.php on line 45

2022-08-18T08:33:18+00:00 CRITICAL Uncaught Error: Call to undefined function twentyseventeen_time_link() in G:\Pxamp\agaressencellc\wp-content\themes\agaressence\template-parts\content-search.php:23
Stack trace:
#0 G:\Pxamp\agaressencellc\wp-includes\template.php(772): require()
#1 G:\Pxamp\agaressencellc\wp-includes\template.php(716): load_template('G:\\Pxamp\\agares...', false, Array)
#2 G:\Pxamp\agaressencellc\wp-includes\general-template.php(204): locate_template(Array, true, false, Array)
#3 G:\Pxamp\agaressencellc\wp-content\themes\agaressence\search.php(39): get_template_part('template-parts/...')
#4 G:\Pxamp\agaressencellc\wp-includes\template-loader.php(106): include('G:\\Pxamp\\agares...')
#5 G:\Pxamp\agaressencellc\wp-blog-header.php(19): require_once('G:\\Pxamp\\agares...')
#6 G:\Pxamp\agaressencellc\index.php(17): require('G:\\Pxamp\\agares...')
#7 {main}
  thrown in G:\Pxamp\agaressencellc\wp-content\themes\agaressence\template-parts\content-search.php on line 23

